Determining if the pthread_create exist failed with the following output:
Change Dir: /home/cc/cs61a/fa16/class/cs61a-bum/ros_workspaces/final_pro/build/CMakeFiles/CMakeTmp

Run Build Command:/usr/bin/make "cmTryCompileExec118951180/fast"
/usr/bin/make -f CMakeFiles/cmTryCompileExec118951180.dir/build.make CMakeFiles/cmTryCompileExec118951180.dir/build
make[1]: Entering directory `/home/cc/cs61a/fa16/class/cs61a-bum/ros_workspaces/final_pro/build/CMakeFiles/CMakeTmp'
/usr/bin/cmake -E cmake_progress_report /home/cc/cs61a/fa16/class/cs61a-bum/ros_workspaces/final_pro/build/CMakeFiles/CMakeTmp/CMakeFiles 1
Building C object CMakeFiles/cmTryCompileExec118951180.dir/CheckSymbolExists.c.o
/usr/bin/cc    -o CMakeFiles/cmTryCompileExec118951180.dir/CheckSymbolExists.c.o   -c /home/cc/cs61a/fa16/class/cs61a-bum/ros_workspaces/final_pro/build/CMakeFiles/CMakeTmp/CheckSymbolExists.c
Linking C executable cmTryCompileExec118951180
/usr/bin/cmake -E cmake_link_script CMakeFiles/cmTryCompileExec118951180.dir/link.txt --verbose=1
/usr/bin/cc       CMakeFiles/cmTryCompileExec118951180.dir/CheckSymbolExists.c.o  -o cmTryCompileExec118951180 -rdynamic 
CMakeFiles/cmTryCompileExec118951180.dir/CheckSymbolExists.c.o: In function `main':
CheckSymbolExists.c:(.text+0x16): undefined reference to `pthread_create'
collect2: error: ld returned 1 exit status
make[1]: Leaving directory `/home/cc/cs61a/fa16/class/cs61a-bum/ros_workspaces/final_pro/build/CMakeFiles/CMakeTmp'
make[1]: *** [cmTryCompileExec118951180] Error 1
make: *** [cmTryCompileExec118951180/fast] Error 2

File /home/cc/cs61a/fa16/class/cs61a-bum/ros_workspaces/final_pro/build/CMakeFiles/CMakeTmp/CheckSymbolExists.c:
/* */
#include <pthread.h>

int main(int argc, char** argv)
{
  (void)argv;
#ifndef pthread_create
  return ((int*)(&pthread_create))[argc];
#else
  (void)argc;
  return 0;
#endif
}

Determining if the function pthread_create exists in the pthreads failed with the following output:
Change Dir: /home/cc/cs61a/fa16/class/cs61a-bum/ros_workspaces/final_pro/build/CMakeFiles/CMakeTmp

Run Build Command:/usr/bin/make "cmTryCompileExec3129861533/fast"
/usr/bin/make -f CMakeFiles/cmTryCompileExec3129861533.dir/build.make CMakeFiles/cmTryCompileExec3129861533.dir/build
make[1]: Entering directory `/home/cc/cs61a/fa16/class/cs61a-bum/ros_workspaces/final_pro/build/CMakeFiles/CMakeTmp'
/usr/bin/cmake -E cmake_progress_report /home/cc/cs61a/fa16/class/cs61a-bum/ros_workspaces/final_pro/build/CMakeFiles/CMakeTmp/CMakeFiles 1
Building C object CMakeFiles/cmTryCompileExec3129861533.dir/CheckFunctionExists.c.o
/usr/bin/cc   -DCHECK_FUNCTION_EXISTS=pthread_create   -o CMakeFiles/cmTryCompileExec3129861533.dir/CheckFunctionExists.c.o   -c /usr/share/cmake-2.8/Modules/CheckFunctionExists.c
Linking C executable cmTryCompileExec3129861533
/usr/bin/cmake -E cmake_link_script CMakeFiles/cmTryCompileExec3129861533.dir/link.txt --verbose=1
/usr/bin/cc   -DCHECK_FUNCTION_EXISTS=pthread_create    CMakeFiles/cmTryCompileExec3129861533.dir/CheckFunctionExists.c.o  -o cmTryCompileExec3129861533 -rdynamic -lpthreads 
/usr/bin/ld: cannot find -lpthreads
collect2: error: ld returned 1 exit status
make[1]: Leaving directory `/home/cc/cs61a/fa16/class/cs61a-bum/ros_workspaces/final_pro/build/CMakeFiles/CMakeTmp'
make[1]: *** [cmTryCompileExec3129861533] Error 1
make: *** [cmTryCompileExec3129861533/fast] Error 2


